Watching for file changes with StatReloader
"GET / HTTP/1.1" 200 328
"GET /about/ HTTP/1.1" 200 244
"GET / HTTP/1.1" 200 328
"GET /about/ HTTP/1.1" 200 244
"GET / HTTP/1.1" 200 328
"GET /about/ HTTP/1.1" 200 244
"GET / HTTP/1.1" 200 328
"GET /about/ HTTP/1.1" 200 244
"GET / HTTP/1.1" 200 328
"GET /about/ HTTP/1.1" 200 244
"GET / HTTP/1.1" 200 328
"GET /about/ HTTP/1.1" 200 244
Watching for file changes with StatReloader
"GET / HTTP/1.1" 200 328
Not Found: /favicon.ico
"GET /favicon.ico HTTP/1.1" 404 2436
"GET /about/ HTTP/1.1" 200 244
G:\gb\django\les1\les1\myapp\views.py changed, reloading.
Watching for file changes with StatReloader
"GET / HTTP/1.1" 200 328
"GET /about/ HTTP/1.1" 200 266
Not Found: /favicon.ico
"GET /favicon.ico HTTP/1.1" 404 2436
Watching for file changes with StatReloader
"GET / HTTP/1.1" 200 328
Not Found: /favicon.ico
"GET /favicon.ico HTTP/1.1" 404 2436
"GET /about/ HTTP/1.1" 200 303
"GET / HTTP/1.1" 200 328
